  GamePlay.cpp
c:\users\a07\desktop\새 폴더 (2)\rpg 숙제\project1\mapdraw.h(29): warning C4838: 'int'에서 'SHORT'(으)로의 변환에는 축소 변환이 필요합니다.
c:\users\a07\desktop\새 폴더 (2)\rpg 숙제\project1\character.h(31): warning C4091: 'typedef ': 변수를 선언하지 않으면 'Information' 왼쪽은 무시됩니다.
c:\users\a07\desktop\새 폴더 (2)\rpg 숙제\project1\gameplay.cpp(5): warning C4244: '인수': 'time_t'에서 'unsigned int'(으)로 변환하면서 데이터가 손실될 수 있습니다.
c:\users\a07\desktop\새 폴더 (2)\rpg 숙제\project1\gameplay.cpp(8): warning C4996: 'sprintf': This function or variable may be unsafe. Consider using sprintf_s instead. To disable deprecation, use _CRT_SECURE_NO_WARNINGS. See online help for details.
  c:\program files (x86)\windows kits\10\include\10.0.17763.0\ucrt\stdio.h(1774): note: 'sprintf' 선언을 참조하십시오.
c:\users\a07\desktop\새 폴더 (2)\rpg 숙제\project1\gameplay.cpp(16): warning C4244: '인수': 'float'에서 'int'(으)로 변환하면서 데이터가 손실될 수 있습니다.
c:\users\a07\desktop\새 폴더 (2)\rpg 숙제\project1\gameplay.cpp(17): warning C4244: '인수': 'float'에서 'int'(으)로 변환하면서 데이터가 손실될 수 있습니다.
c:\users\a07\desktop\새 폴더 (2)\rpg 숙제\project1\gameplay.cpp(18): warning C4244: '인수': 'float'에서 'int'(으)로 변환하면서 데이터가 손실될 수 있습니다.
c:\users\a07\desktop\새 폴더 (2)\rpg 숙제\project1\gameplay.cpp(19): warning C4244: '인수': 'float'에서 'int'(으)로 변환하면서 데이터가 손실될 수 있습니다.
c:\users\a07\desktop\새 폴더 (2)\rpg 숙제\project1\gameplay.cpp(20): warning C4244: '인수': 'float'에서 'int'(으)로 변환하면서 데이터가 손실될 수 있습니다.
c:\users\a07\desktop\새 폴더 (2)\rpg 숙제\project1\gameplay.cpp(21): warning C4244: '인수': 'float'에서 'int'(으)로 변환하면서 데이터가 손실될 수 있습니다.
c:\users\a07\desktop\새 폴더 (2)\rpg 숙제\project1\gameplay.cpp(22): warning C4244: '인수': 'float'에서 'int'(으)로 변환하면서 데이터가 손실될 수 있습니다.
c:\users\a07\desktop\새 폴더 (2)\rpg 숙제\project1\gameplay.cpp(29): warning C4244: '인수': 'float'에서 'int'(으)로 변환하면서 데이터가 손실될 수 있습니다.
c:\users\a07\desktop\새 폴더 (2)\rpg 숙제\project1\gameplay.cpp(30): warning C4244: '인수': 'float'에서 'int'(으)로 변환하면서 데이터가 손실될 수 있습니다.
c:\users\a07\desktop\새 폴더 (2)\rpg 숙제\project1\gameplay.cpp(31): warning C4244: '인수': 'float'에서 'int'(으)로 변환하면서 데이터가 손실될 수 있습니다.
c:\users\a07\desktop\새 폴더 (2)\rpg 숙제\project1\gameplay.cpp(32): warning C4244: '인수': 'float'에서 'int'(으)로 변환하면서 데이터가 손실될 수 있습니다.
c:\users\a07\desktop\새 폴더 (2)\rpg 숙제\project1\gameplay.cpp(33): warning C4244: '인수': 'float'에서 'int'(으)로 변환하면서 데이터가 손실될 수 있습니다.
c:\users\a07\desktop\새 폴더 (2)\rpg 숙제\project1\gameplay.cpp(34): warning C4244: '인수': 'float'에서 'int'(으)로 변환하면서 데이터가 손실될 수 있습니다.
c:\users\a07\desktop\새 폴더 (2)\rpg 숙제\project1\gameplay.cpp(35): warning C4244: '인수': 'float'에서 'int'(으)로 변환하면서 데이터가 손실될 수 있습니다.
c:\users\a07\desktop\새 폴더 (2)\rpg 숙제\project1\gameplay.cpp(36): warning C4244: '인수': 'float'에서 'int'(으)로 변환하면서 데이터가 손실될 수 있습니다.
c:\users\a07\desktop\새 폴더 (2)\rpg 숙제\project1\gameplay.cpp(51): warning C4244: '초기화 중': 'float'에서 'int'(으)로 변환하면서 데이터가 손실될 수 있습니다.
c:\users\a07\desktop\새 폴더 (2)\rpg 숙제\project1\gameplay.cpp(75): warning C4244: '인수': 'float'에서 'int'(으)로 변환하면서 데이터가 손실될 수 있습니다.
c:\users\a07\desktop\새 폴더 (2)\rpg 숙제\project1\gameplay.cpp(76): warning C4244: '인수': 'float'에서 'int'(으)로 변환하면서 데이터가 손실될 수 있습니다.
c:\users\a07\desktop\새 폴더 (2)\rpg 숙제\project1\gameplay.cpp(78): warning C4244: '인수': 'float'에서 'int'(으)로 변환하면서 데이터가 손실될 수 있습니다.
c:\users\a07\desktop\새 폴더 (2)\rpg 숙제\project1\gameplay.cpp(79): warning C4244: '인수': 'double'에서 'int'(으)로 변환하면서 데이터가 손실될 수 있습니다.
c:\users\a07\desktop\새 폴더 (2)\rpg 숙제\project1\gameplay.cpp(85): warning C4244: '인수': 'float'에서 'int'(으)로 변환하면서 데이터가 손실될 수 있습니다.
c:\users\a07\desktop\새 폴더 (2)\rpg 숙제\project1\gameplay.cpp(86): warning C4244: '인수': 'float'에서 'int'(으)로 변환하면서 데이터가 손실될 수 있습니다.
c:\users\a07\desktop\새 폴더 (2)\rpg 숙제\project1\gameplay.cpp(100): warning C4244: '인수': 'float'에서 'int'(으)로 변환하면서 데이터가 손실될 수 있습니다.
c:\users\a07\desktop\새 폴더 (2)\rpg 숙제\project1\gameplay.cpp(101): warning C4244: '인수': 'float'에서 'int'(으)로 변환하면서 데이터가 손실될 수 있습니다.
c:\users\a07\desktop\새 폴더 (2)\rpg 숙제\project1\gameplay.cpp(106): warning C4244: '인수': 'float'에서 'int'(으)로 변환하면서 데이터가 손실될 수 있습니다.
c:\users\a07\desktop\새 폴더 (2)\rpg 숙제\project1\gameplay.cpp(107): warning C4244: '인수': 'float'에서 'int'(으)로 변환하면서 데이터가 손실될 수 있습니다.
c:\users\a07\desktop\새 폴더 (2)\rpg 숙제\project1\gameplay.cpp(115): warning C4244: '인수': 'float'에서 'int'(으)로 변환하면서 데이터가 손실될 수 있습니다.
c:\users\a07\desktop\새 폴더 (2)\rpg 숙제\project1\gameplay.cpp(116): warning C4244: '인수': 'float'에서 'int'(으)로 변환하면서 데이터가 손실될 수 있습니다.
c:\users\a07\desktop\새 폴더 (2)\rpg 숙제\project1\gameplay.cpp(121): warning C4244: '인수': 'float'에서 'int'(으)로 변환하면서 데이터가 손실될 수 있습니다.
c:\users\a07\desktop\새 폴더 (2)\rpg 숙제\project1\gameplay.cpp(122): warning C4244: '인수': 'float'에서 'int'(으)로 변환하면서 데이터가 손실될 수 있습니다.
c:\users\a07\desktop\새 폴더 (2)\rpg 숙제\project1\gameplay.cpp(130): warning C4244: '인수': 'float'에서 'int'(으)로 변환하면서 데이터가 손실될 수 있습니다.
c:\users\a07\desktop\새 폴더 (2)\rpg 숙제\project1\gameplay.cpp(131): warning C4244: '인수': 'float'에서 'int'(으)로 변환하면서 데이터가 손실될 수 있습니다.
c:\users\a07\desktop\새 폴더 (2)\rpg 숙제\project1\gameplay.cpp(136): warning C4244: '인수': 'float'에서 'int'(으)로 변환하면서 데이터가 손실될 수 있습니다.
c:\users\a07\desktop\새 폴더 (2)\rpg 숙제\project1\gameplay.cpp(137): warning C4244: '인수': 'float'에서 'int'(으)로 변환하면서 데이터가 손실될 수 있습니다.
c:\users\a07\desktop\새 폴더 (2)\rpg 숙제\project1\gameplay.cpp(188): warning C4244: '인수': 'float'에서 'int'(으)로 변환하면서 데이터가 손실될 수 있습니다.
c:\users\a07\desktop\새 폴더 (2)\rpg 숙제\project1\gameplay.cpp(215): warning C4244: '인수': 'float'에서 'int'(으)로 변환하면서 데이터가 손실될 수 있습니다.
c:\users\a07\desktop\새 폴더 (2)\rpg 숙제\project1\gameplay.cpp(222): warning C4244: '인수': 'float'에서 'int'(으)로 변환하면서 데이터가 손실될 수 있습니다.
c:\users\a07\desktop\새 폴더 (2)\rpg 숙제\project1\gameplay.cpp(229): warning C4244: '인수': 'float'에서 'int'(으)로 변환하면서 데이터가 손실될 수 있습니다.
c:\users\a07\desktop\새 폴더 (2)\rpg 숙제\project1\gameplay.cpp(223): warning C4996: 'getch': The POSIX name for this item is deprecated. Instead, use the ISO C and C++ conformant name: _getch. See online help for details.
  c:\program files (x86)\windows kits\10\include\10.0.17763.0\ucrt\conio.h(453): note: 'getch' 선언을 참조하십시오.
c:\users\a07\desktop\새 폴더 (2)\rpg 숙제\project1\gameplay.cpp(231): warning C4996: 'getch': The POSIX name for this item is deprecated. Instead, use the ISO C and C++ conformant name: _getch. See online help for details.
  c:\program files (x86)\windows kits\10\include\10.0.17763.0\ucrt\conio.h(453): note: 'getch' 선언을 참조하십시오.
c:\users\a07\desktop\새 폴더 (2)\rpg 숙제\project1\gameplay.cpp(210): warning C4101: 'Select' :참조되지 않은 지역 변수입니다.
c:\users\a07\desktop\새 폴더 (2)\rpg 숙제\project1\gameplay.cpp(249): warning C4244: '초기화 중': 'float'에서 'int'(으)로 변환하면서 데이터가 손실될 수 있습니다.
c:\users\a07\desktop\새 폴더 (2)\rpg 숙제\project1\gameplay.cpp(306): warning C4244: '인수': 'float'에서 'int'(으)로 변환하면서 데이터가 손실될 수 있습니다.
c:\users\a07\desktop\새 폴더 (2)\rpg 숙제\project1\gameplay.cpp(317): warning C4244: '인수': 'float'에서 'int'(으)로 변환하면서 데이터가 손실될 수 있습니다.
c:\users\a07\desktop\새 폴더 (2)\rpg 숙제\project1\gameplay.cpp(335): warning C4244: '인수': 'float'에서 'int'(으)로 변환하면서 데이터가 손실될 수 있습니다.
c:\users\a07\desktop\새 폴더 (2)\rpg 숙제\project1\gameplay.cpp(381): warning C4244: '초기화 중': 'float'에서 'int'(으)로 변환하면서 데이터가 손실될 수 있습니다.
c:\users\a07\desktop\새 폴더 (2)\rpg 숙제\project1\gameplay.cpp(397): warning C4996: 'getch': The POSIX name for this item is deprecated. Instead, use the ISO C and C++ conformant name: _getch. See online help for details.
  c:\program files (x86)\windows kits\10\include\10.0.17763.0\ucrt\conio.h(453): note: 'getch' 선언을 참조하십시오.
c:\users\a07\desktop\새 폴더 (2)\rpg 숙제\project1\gameplay.cpp(409): warning C4101: 'Data' :참조되지 않은 지역 변수입니다.
c:\users\a07\desktop\새 폴더 (2)\rpg 숙제\project1\gameplay.cpp(437): warning C4244: '인수': 'float'에서 'int'(으)로 변환하면서 데이터가 손실될 수 있습니다.
c:\users\a07\desktop\새 폴더 (2)\rpg 숙제\project1\gameplay.cpp(438): warning C4244: '인수': 'float'에서 'int'(으)로 변환하면서 데이터가 손실될 수 있습니다.
c:\users\a07\desktop\새 폴더 (2)\rpg 숙제\project1\gameplay.cpp(439): warning C4244: '인수': 'float'에서 'int'(으)로 변환하면서 데이터가 손실될 수 있습니다.
c:\users\a07\desktop\새 폴더 (2)\rpg 숙제\project1\gameplay.cpp(440): warning C4244: '인수': 'float'에서 'int'(으)로 변환하면서 데이터가 손실될 수 있습니다.
c:\users\a07\desktop\새 폴더 (2)\rpg 숙제\project1\gameplay.cpp(450): warning C4244: '인수': 'float'에서 'int'(으)로 변환하면서 데이터가 손실될 수 있습니다.
  Player.cpp
c:\users\a07\desktop\새 폴더 (2)\rpg 숙제\project1\mapdraw.h(29): warning C4838: 'int'에서 'SHORT'(으)로의 변환에는 축소 변환이 필요합니다.
c:\users\a07\desktop\새 폴더 (2)\rpg 숙제\project1\character.h(31): warning C4091: 'typedef ': 변수를 선언하지 않으면 'Information' 왼쪽은 무시됩니다.
c:\users\a07\desktop\새 폴더 (2)\rpg 숙제\project1\player.cpp(14): warning C4996: 'getch': The POSIX name for this item is deprecated. Instead, use the ISO C and C++ conformant name: _getch. See online help for details.
  c:\program files (x86)\windows kits\10\include\10.0.17763.0\ucrt\conio.h(453): note: 'getch' 선언을 참조하십시오.
c:\users\a07\desktop\새 폴더 (2)\rpg 숙제\project1\player.cpp(137): warning C4244: '인수': 'float'에서 'int'(으)로 변환하면서 데이터가 손실될 수 있습니다.
  코드를 생성하고 있습니다...
  Project1.vcxproj -> C:\Users\A07\Desktop\새 폴더 (2)\RPG 숙제\x64\Debug\z.exe
