  Interface.cpp
c:\users\a-12\desktop\두견\venezia\project1\mapdraw.h(29): warning C4838: 'int'에서 'SHORT'(으)로의 변환에는 축소 변환이 필요합니다.
c:\users\a-12\desktop\두견\venezia\project1\interface.cpp(5): warning C4244: '인수': 'time_t'에서 'unsigned int'(으)로 변환하면서 데이터가 손실될 수 있습니다.
c:\users\a-12\desktop\두견\venezia\project1\interface.cpp(8): warning C4996: 'sprintf': This function or variable may be unsafe. Consider using sprintf_s instead. To disable deprecation, use _CRT_SECURE_NO_WARNINGS. See online help for details.
  c:\program files (x86)\windows kits\10\include\10.0.18362.0\ucrt\stdio.h(1774): note: 'sprintf' 선언을 참조하십시오.
c:\users\a-12\desktop\두견\venezia\project1\interface.cpp(27): warning C4244: '인수': 'float'에서 'int'(으)로 변환하면서 데이터가 손실될 수 있습니다.
c:\users\a-12\desktop\두견\venezia\project1\interface.cpp(28): warning C4244: '인수': 'float'에서 'int'(으)로 변환하면서 데이터가 손실될 수 있습니다.
c:\users\a-12\desktop\두견\venezia\project1\interface.cpp(34): warning C4244: '인수': 'float'에서 'int'(으)로 변환하면서 데이터가 손실될 수 있습니다.
c:\users\a-12\desktop\두견\venezia\project1\interface.cpp(35): warning C4244: '인수': 'float'에서 'int'(으)로 변환하면서 데이터가 손실될 수 있습니다.
c:\users\a-12\desktop\두견\venezia\project1\interface.cpp(37): warning C4244: '인수': 'float'에서 'int'(으)로 변환하면서 데이터가 손실될 수 있습니다.
c:\users\a-12\desktop\두견\venezia\project1\interface.cpp(38): warning C4244: '인수': 'float'에서 'int'(으)로 변환하면서 데이터가 손실될 수 있습니다.
c:\users\a-12\desktop\두견\venezia\project1\interface.cpp(49): warning C4244: '인수': 'float'에서 'int'(으)로 변환하면서 데이터가 손실될 수 있습니다.
c:\users\a-12\desktop\두견\venezia\project1\interface.cpp(50): warning C4244: '인수': 'float'에서 'int'(으)로 변환하면서 데이터가 손실될 수 있습니다.
c:\users\a-12\desktop\두견\venezia\project1\interface.cpp(51): warning C4244: '인수': 'float'에서 'int'(으)로 변환하면서 데이터가 손실될 수 있습니다.
c:\users\a-12\desktop\두견\venezia\project1\interface.cpp(52): warning C4244: '인수': 'float'에서 'int'(으)로 변환하면서 데이터가 손실될 수 있습니다.
c:\users\a-12\desktop\두견\venezia\project1\interface.cpp(41): warning C4996: 'kbhit': The POSIX name for this item is deprecated. Instead, use the ISO C and C++ conformant name: _kbhit. See online help for details.
  c:\program files (x86)\windows kits\10\include\10.0.18362.0\ucrt\conio.h(459): note: 'kbhit' 선언을 참조하십시오.
c:\users\a-12\desktop\두견\venezia\project1\interface.cpp(43): warning C4996: 'getch': The POSIX name for this item is deprecated. Instead, use the ISO C and C++ conformant name: _getch. See online help for details.
  c:\program files (x86)\windows kits\10\include\10.0.18362.0\ucrt\conio.h(453): note: 'getch' 선언을 참조하십시오.
c:\users\a-12\desktop\두견\venezia\project1\interface.cpp(58): warning C4244: '인수': 'float'에서 'int'(으)로 변환하면서 데이터가 손실될 수 있습니다.
c:\users\a-12\desktop\두견\venezia\project1\interface.cpp(65): warning C4244: '인수': 'float'에서 'int'(으)로 변환하면서 데이터가 손실될 수 있습니다.
c:\users\a-12\desktop\두견\venezia\project1\interface.cpp(83): warning C4244: '인수': 'float'에서 'int'(으)로 변환하면서 데이터가 손실될 수 있습니다.
c:\users\a-12\desktop\두견\venezia\project1\interface.cpp(99): warning C4244: '인수': 'float'에서 'int'(으)로 변환하면서 데이터가 손실될 수 있습니다.
c:\users\a-12\desktop\두견\venezia\project1\interface.cpp(106): warning C4244: '인수': 'float'에서 'int'(으)로 변환하면서 데이터가 손실될 수 있습니다.
c:\users\a-12\desktop\두견\venezia\project1\interface.cpp(119): warning C4244: '인수': 'float'에서 'int'(으)로 변환하면서 데이터가 손실될 수 있습니다.
c:\users\a-12\desktop\두견\venezia\project1\interface.cpp(130): warning C4244: '인수': 'float'에서 'int'(으)로 변환하면서 데이터가 손실될 수 있습니다.
c:\users\a-12\desktop\두견\venezia\project1\interface.cpp(89): warning C4996: 'kbhit': The POSIX name for this item is deprecated. Instead, use the ISO C and C++ conformant name: _kbhit. See online help for details.
  c:\program files (x86)\windows kits\10\include\10.0.18362.0\ucrt\conio.h(459): note: 'kbhit' 선언을 참조하십시오.
c:\users\a-12\desktop\두견\venezia\project1\interface.cpp(90): warning C4996: 'getch': The POSIX name for this item is deprecated. Instead, use the ISO C and C++ conformant name: _getch. See online help for details.
  c:\program files (x86)\windows kits\10\include\10.0.18362.0\ucrt\conio.h(453): note: 'getch' 선언을 참조하십시오.
c:\users\a-12\desktop\두견\venezia\project1\interface.cpp(169): warning C4244: '인수': 'float'에서 'int'(으)로 변환하면서 데이터가 손실될 수 있습니다.
c:\users\a-12\desktop\두견\venezia\project1\interface.cpp(170): warning C4244: '인수': 'float'에서 'int'(으)로 변환하면서 데이터가 손실될 수 있습니다.
c:\users\a-12\desktop\두견\venezia\project1\interface.cpp(171): warning C4244: '인수': 'float'에서 'int'(으)로 변환하면서 데이터가 손실될 수 있습니다.
c:\users\a-12\desktop\두견\venezia\project1\interface.cpp(172): warning C4244: '인수': 'float'에서 'int'(으)로 변환하면서 데이터가 손실될 수 있습니다.
c:\users\a-12\desktop\두견\venezia\project1\interface.cpp(180): warning C4244: '인수': 'float'에서 'int'(으)로 변환하면서 데이터가 손실될 수 있습니다.
c:\users\a-12\desktop\두견\venezia\project1\interface.cpp(181): warning C4244: '인수': 'float'에서 'int'(으)로 변환하면서 데이터가 손실될 수 있습니다.
c:\users\a-12\desktop\두견\venezia\project1\interface.cpp(182): warning C4244: '인수': 'float'에서 'int'(으)로 변환하면서 데이터가 손실될 수 있습니다.
c:\users\a-12\desktop\두견\venezia\project1\interface.cpp(183): warning C4244: '인수': 'float'에서 'int'(으)로 변환하면서 데이터가 손실될 수 있습니다.
  MapDraw.cpp
c:\users\a-12\desktop\두견\venezia\project1\mapdraw.h(29): warning C4838: 'int'에서 'SHORT'(으)로의 변환에는 축소 변환이 필요합니다.
c:\users\a-12\desktop\두견\venezia\project1\mapdraw.cpp(26): warning C4018: '>': signed 또는 unsigned가 일치하지 않습니다.
c:\users\a-12\desktop\두견\venezia\project1\mapdraw.cpp(90): warning C4996: 'getch': The POSIX name for this item is deprecated. Instead, use the ISO C and C++ conformant name: _getch. See online help for details.
  c:\program files (x86)\windows kits\10\include\10.0.18362.0\ucrt\conio.h(453): note: 'getch' 선언을 참조하십시오.
  Play.cpp
c:\users\a-12\desktop\두견\venezia\project1\mapdraw.h(29): warning C4838: 'int'에서 'SHORT'(으)로의 변환에는 축소 변환이 필요합니다.
c:\users\a-12\desktop\두견\venezia\project1\rank.h(9): warning C4091: 'typedef ': 변수를 선언하지 않으면 'Ranker' 왼쪽은 무시됩니다.
c:\users\a-12\desktop\두견\venezia\project1\wordmanager.h(13): warning C4091: 'typedef ': 변수를 선언하지 않으면 'Item_Check' 왼쪽은 무시됩니다.
c:\users\a-12\desktop\두견\venezia\project1\wordmanager.h(29): warning C4091: 'typedef ': 변수를 선언하지 않으면 'Timer' 왼쪽은 무시됩니다.
c:\users\a-12\desktop\두견\venezia\project1\play.h(22): warning C4091: 'typedef ': 변수를 선언하지 않으면 'Player' 왼쪽은 무시됩니다.
c:\users\a-12\desktop\두견\venezia\project1\play.cpp(12): warning C4244: '인수': 'float'에서 'int'(으)로 변환하면서 데이터가 손실될 수 있습니다.
c:\users\a-12\desktop\두견\venezia\project1\play.cpp(13): warning C4244: '인수': 'float'에서 'DWORD'(으)로 변환하면서 데이터가 손실될 수 있습니다.
c:\users\a-12\desktop\두견\venezia\project1\play.cpp(14): warning C4244: '인수': 'float'에서 'int'(으)로 변환하면서 데이터가 손실될 수 있습니다.
c:\users\a-12\desktop\두견\venezia\project1\play.cpp(108): warning C4244: '인수': 'float'에서 'int'(으)로 변환하면서 데이터가 손실될 수 있습니다.
c:\users\a-12\desktop\두견\venezia\project1\play.cpp(111): warning C4244: '인수': 'float'에서 'int'(으)로 변환하면서 데이터가 손실될 수 있습니다.
c:\users\a-12\desktop\두견\venezia\project1\play.cpp(118): warning C4244: '인수': 'float'에서 'int'(으)로 변환하면서 데이터가 손실될 수 있습니다.
c:\users\a-12\desktop\두견\venezia\project1\play.cpp(121): warning C4244: '인수': 'float'에서 'int'(으)로 변환하면서 데이터가 손실될 수 있습니다.
c:\users\a-12\desktop\두견\venezia\project1\play.cpp(130): warning C4244: '인수': 'float'에서 'int'(으)로 변환하면서 데이터가 손실될 수 있습니다.
c:\users\a-12\desktop\두견\venezia\project1\play.cpp(141): warning C4244: '인수': 'float'에서 'int'(으)로 변환하면서 데이터가 손실될 수 있습니다.
c:\users\a-12\desktop\두견\venezia\project1\play.cpp(101): warning C4996: 'kbhit': The POSIX name for this item is deprecated. Instead, use the ISO C and C++ conformant name: _kbhit. See online help for details.
  c:\program files (x86)\windows kits\10\include\10.0.18362.0\ucrt\conio.h(459): note: 'kbhit' 선언을 참조하십시오.
c:\users\a-12\desktop\두견\venezia\project1\play.cpp(91): warning C4101: 'Height_Location' :참조되지 않은 지역 변수입니다.
c:\users\a-12\desktop\두견\venezia\project1\play.cpp(169): warning C4244: '인수': 'float'에서 'int'(으)로 변환하면서 데이터가 손실될 수 있습니다.
c:\users\a-12\desktop\두견\venezia\project1\play.cpp(170): warning C4244: '인수': 'float'에서 'int'(으)로 변환하면서 데이터가 손실될 수 있습니다.
c:\users\a-12\desktop\두견\venezia\project1\play.cpp(161): warning C4996: 'getch': The POSIX name for this item is deprecated. Instead, use the ISO C and C++ conformant name: _getch. See online help for details.
  c:\program files (x86)\windows kits\10\include\10.0.18362.0\ucrt\conio.h(453): note: 'getch' 선언을 참조하십시오.
c:\users\a-12\desktop\두견\venezia\project1\play.cpp(181): warning C4244: '인수': 'float'에서 'int'(으)로 변환하면서 데이터가 손실될 수 있습니다.
c:\users\a-12\desktop\두견\venezia\project1\play.cpp(182): warning C4244: '인수': 'float'에서 'int'(으)로 변환하면서 데이터가 손실될 수 있습니다.
c:\users\a-12\desktop\두견\venezia\project1\play.cpp(183): warning C4244: '인수': 'float'에서 'int'(으)로 변환하면서 데이터가 손실될 수 있습니다.
c:\users\a-12\desktop\두견\venezia\project1\play.cpp(194): warning C4244: '인수': 'float'에서 'int'(으)로 변환하면서 데이터가 손실될 수 있습니다.
c:\users\a-12\desktop\두견\venezia\project1\play.cpp(195): warning C4244: '인수': 'float'에서 'int'(으)로 변환하면서 데이터가 손실될 수 있습니다.
c:\users\a-12\desktop\두견\venezia\project1\play.cpp(200): warning C4244: '인수': 'float'에서 'int'(으)로 변환하면서 데이터가 손실될 수 있습니다.
c:\users\a-12\desktop\두견\venezia\project1\play.cpp(186): warning C4996: 'getch': The POSIX name for this item is deprecated. Instead, use the ISO C and C++ conformant name: _getch. See online help for details.
  c:\program files (x86)\windows kits\10\include\10.0.18362.0\ucrt\conio.h(453): note: 'getch' 선언을 참조하십시오.
c:\users\a-12\desktop\두견\venezia\project1\play.cpp(201): warning C4996: 'getch': The POSIX name for this item is deprecated. Instead, use the ISO C and C++ conformant name: _getch. See online help for details.
  c:\program files (x86)\windows kits\10\include\10.0.18362.0\ucrt\conio.h(453): note: 'getch' 선언을 참조하십시오.
c:\users\a-12\desktop\두견\venezia\project1\play.cpp(213): warning C4244: '인수': 'float'에서 'int'(으)로 변환하면서 데이터가 손실될 수 있습니다.
  Rank.cpp
c:\users\a-12\desktop\두견\venezia\project1\mapdraw.h(29): warning C4838: 'int'에서 'SHORT'(으)로의 변환에는 축소 변환이 필요합니다.
c:\users\a-12\desktop\두견\venezia\project1\rank.h(9): warning C4091: 'typedef ': 변수를 선언하지 않으면 'Ranker' 왼쪽은 무시됩니다.
c:\users\a-12\desktop\두견\venezia\project1\rank.cpp(11): warning C4101: 'a' :참조되지 않은 지역 변수입니다.
c:\users\a-12\desktop\두견\venezia\project1\rank.cpp(31): warning C4244: '인수': 'float'에서 'int'(으)로 변환하면서 데이터가 손실될 수 있습니다.
c:\users\a-12\desktop\두견\venezia\project1\rank.cpp(32): warning C4244: '인수': 'float'에서 'int'(으)로 변환하면서 데이터가 손실될 수 있습니다.
c:\users\a-12\desktop\두견\venezia\project1\rank.cpp(35): warning C4244: '인수': 'float'에서 'int'(으)로 변환하면서 데이터가 손실될 수 있습니다.
c:\users\a-12\desktop\두견\venezia\project1\rank.cpp(37): warning C4244: '인수': 'float'에서 'int'(으)로 변환하면서 데이터가 손실될 수 있습니다.
c:\users\a-12\desktop\두견\venezia\project1\rank.cpp(38): warning C4244: '인수': 'float'에서 'int'(으)로 변환하면서 데이터가 손실될 수 있습니다.
c:\users\a-12\desktop\두견\venezia\project1\rank.cpp(39): warning C4244: '인수': 'float'에서 'int'(으)로 변환하면서 데이터가 손실될 수 있습니다.
c:\users\a-12\desktop\두견\venezia\project1\rank.cpp(45): warning C4244: '인수': 'float'에서 'int'(으)로 변환하면서 데이터가 손실될 수 있습니다.
c:\users\a-12\desktop\두견\venezia\project1\rank.cpp(46): warning C4244: '인수': 'float'에서 'int'(으)로 변환하면서 데이터가 손실될 수 있습니다.
c:\users\a-12\desktop\두견\venezia\project1\rank.cpp(47): warning C4244: '인수': 'float'에서 'int'(으)로 변환하면서 데이터가 손실될 수 있습니다.
c:\users\a-12\desktop\두견\venezia\project1\rank.cpp(51): warning C4996: 'getch': The POSIX name for this item is deprecated. Instead, use the ISO C and C++ conformant name: _getch. See online help for details.
  c:\program files (x86)\windows kits\10\include\10.0.18362.0\ucrt\conio.h(453): note: 'getch' 선언을 참조하십시오.
c:\users\a-12\desktop\두견\venezia\project1\rank.cpp(68): warning C4018: '<': signed 또는 unsigned가 일치하지 않습니다.
c:\users\a-12\desktop\두견\venezia\project1\rank.cpp(85): warning C4244: '인수': 'float'에서 'int'(으)로 변환하면서 데이터가 손실될 수 있습니다.
c:\users\a-12\desktop\두견\venezia\project1\rank.cpp(86): warning C4244: '인수': 'float'에서 'int'(으)로 변환하면서 데이터가 손실될 수 있습니다.
c:\users\a-12\desktop\두견\venezia\project1\rank.cpp(87): warning C4244: '인수': 'float'에서 'int'(으)로 변환하면서 데이터가 손실될 수 있습니다.
c:\users\a-12\desktop\두견\venezia\project1\rank.cpp(99): warning C4244: '인수': 'float'에서 'int'(으)로 변환하면서 데이터가 손실될 수 있습니다.
c:\users\a-12\desktop\두견\venezia\project1\rank.cpp(101): warning C4244: '인수': 'float'에서 'int'(으)로 변환하면서 데이터가 손실될 수 있습니다.
c:\users\a-12\desktop\두견\venezia\project1\rank.cpp(104): warning C4244: '인수': 'float'에서 'int'(으)로 변환하면서 데이터가 손실될 수 있습니다.
c:\users\a-12\desktop\두견\venezia\project1\rank.cpp(106): warning C4244: '인수': 'float'에서 'int'(으)로 변환하면서 데이터가 손실될 수 있습니다.
c:\users\a-12\desktop\두견\venezia\project1\rank.cpp(107): warning C4244: '인수': 'float'에서 'int'(으)로 변환하면서 데이터가 손실될 수 있습니다.
c:\users\a-12\desktop\두견\venezia\project1\rank.cpp(108): warning C4244: '인수': 'float'에서 'int'(으)로 변환하면서 데이터가 손실될 수 있습니다.
c:\users\a-12\desktop\두견\venezia\project1\rank.cpp(111): warning C4244: '인수': 'float'에서 'int'(으)로 변환하면서 데이터가 손실될 수 있습니다.
  Word.cpp
c:\users\a-12\desktop\두견\venezia\project1\mapdraw.h(29): warning C4838: 'int'에서 'SHORT'(으)로의 변환에는 축소 변환이 필요합니다.
c:\users\a-12\desktop\두견\venezia\project1\word.cpp(26): warning C4018: '<': signed 또는 unsigned가 일치하지 않습니다.
c:\users\a-12\desktop\두견\venezia\project1\word.cpp(63): warning C4018: '<': signed 또는 unsigned가 일치하지 않습니다.
c:\users\a-12\desktop\두견\venezia\project1\word.cpp(86): warning C4018: '<': signed 또는 unsigned가 일치하지 않습니다.
  WordManager.cpp
c:\users\a-12\desktop\두견\venezia\project1\mapdraw.h(29): warning C4838: 'int'에서 'SHORT'(으)로의 변환에는 축소 변환이 필요합니다.
c:\users\a-12\desktop\두견\venezia\project1\wordmanager.h(13): warning C4091: 'typedef ': 변수를 선언하지 않으면 'Item_Check' 왼쪽은 무시됩니다.
c:\users\a-12\desktop\두견\venezia\project1\wordmanager.h(29): warning C4091: 'typedef ': 변수를 선언하지 않으면 'Timer' 왼쪽은 무시됩니다.
c:\users\a-12\desktop\두견\venezia\project1\wordmanager.cpp(37): warning C4018: '<=': signed 또는 unsigned가 일치하지 않습니다.
  소스.cpp
c:\users\a-12\desktop\두견\venezia\project1\mapdraw.h(29): warning C4838: 'int'에서 'SHORT'(으)로의 변환에는 축소 변환이 필요합니다.
c:\users\a-12\desktop\두견\venezia\project1\rank.h(9): warning C4091: 'typedef ': 변수를 선언하지 않으면 'Ranker' 왼쪽은 무시됩니다.
c:\users\a-12\desktop\두견\venezia\project1\wordmanager.h(13): warning C4091: 'typedef ': 변수를 선언하지 않으면 'Item_Check' 왼쪽은 무시됩니다.
c:\users\a-12\desktop\두견\venezia\project1\wordmanager.h(29): warning C4091: 'typedef ': 변수를 선언하지 않으면 'Timer' 왼쪽은 무시됩니다.
c:\users\a-12\desktop\두견\venezia\project1\play.h(22): warning C4091: 'typedef ': 변수를 선언하지 않으면 'Player' 왼쪽은 무시됩니다.
c:\users\a-12\desktop\두견\venezia\project1\소스.cpp(4): warning C4326: 'main'의 반환 형식이 'int'이어야 하는데 'void'입니다.
  코드를 생성하고 있습니다...
  Project1.vcxproj -> C:\Users\A-12\Desktop\두견\venezia\Debug\Project1.exe
