  Play.cpp
c:\users\a07\desktop\새 폴더 (2)\project1\project1\mapdraw.h(29): warning C4838: 'int'에서 'SHORT'(으)로의 변환에는 축소 변환이 필요합니다.
c:\users\a07\desktop\새 폴더 (2)\project1\project1\rank.h(9): warning C4091: 'typedef ': 변수를 선언하지 않으면 'Ranker' 왼쪽은 무시됩니다.
c:\users\a07\desktop\새 폴더 (2)\project1\project1\play.h(21): warning C4091: 'typedef ': 변수를 선언하지 않으면 'Player' 왼쪽은 무시됩니다.
c:\users\a07\desktop\새 폴더 (2)\project1\project1\play.cpp(12): warning C4244: '인수': 'float'에서 'int'(으)로 변환하면서 데이터가 손실될 수 있습니다.
c:\users\a07\desktop\새 폴더 (2)\project1\project1\play.cpp(13): warning C4244: '인수': 'float'에서 'int'(으)로 변환하면서 데이터가 손실될 수 있습니다.
c:\users\a07\desktop\새 폴더 (2)\project1\project1\play.cpp(14): warning C4244: '인수': 'float'에서 'int'(으)로 변환하면서 데이터가 손실될 수 있습니다.
c:\users\a07\desktop\새 폴더 (2)\project1\project1\play.cpp(15): warning C4244: '인수': 'float'에서 'int'(으)로 변환하면서 데이터가 손실될 수 있습니다.
c:\users\a07\desktop\새 폴더 (2)\project1\project1\play.cpp(28): warning C4244: '인수': 'float'에서 'int'(으)로 변환하면서 데이터가 손실될 수 있습니다.
c:\users\a07\desktop\새 폴더 (2)\project1\project1\play.cpp(29): warning C4244: '인수': 'float'에서 'int'(으)로 변환하면서 데이터가 손실될 수 있습니다.
c:\users\a07\desktop\새 폴더 (2)\project1\project1\play.cpp(30): warning C4244: '인수': 'float'에서 'int'(으)로 변환하면서 데이터가 손실될 수 있습니다.
c:\users\a07\desktop\새 폴더 (2)\project1\project1\play.cpp(36): warning C4244: '인수': 'float'에서 'int'(으)로 변환하면서 데이터가 손실될 수 있습니다.
c:\users\a07\desktop\새 폴더 (2)\project1\project1\play.cpp(37): warning C4244: '인수': 'float'에서 'int'(으)로 변환하면서 데이터가 손실될 수 있습니다.
c:\users\a07\desktop\새 폴더 (2)\project1\project1\play.cpp(43): warning C4244: '인수': 'float'에서 'int'(으)로 변환하면서 데이터가 손실될 수 있습니다.
c:\users\a07\desktop\새 폴더 (2)\project1\project1\play.cpp(33): warning C4996: 'getch': The POSIX name for this item is deprecated. Instead, use the ISO C and C++ conformant name: _getch. See online help for details.
  c:\program files (x86)\windows kits\10\include\10.0.17763.0\ucrt\conio.h(453): note: 'getch' 선언을 참조하십시오.
c:\users\a07\desktop\새 폴더 (2)\project1\project1\play.cpp(44): warning C4996: 'getch': The POSIX name for this item is deprecated. Instead, use the ISO C and C++ conformant name: _getch. See online help for details.
  c:\program files (x86)\windows kits\10\include\10.0.17763.0\ucrt\conio.h(453): note: 'getch' 선언을 참조하십시오.
c:\users\a07\desktop\새 폴더 (2)\project1\project1\play.cpp(63): warning C4244: '인수': 'float'에서 'int'(으)로 변환하면서 데이터가 손실될 수 있습니다.
c:\users\a07\desktop\새 폴더 (2)\project1\project1\play.cpp(64): warning C4244: '인수': 'float'에서 'int'(으)로 변환하면서 데이터가 손실될 수 있습니다.
c:\users\a07\desktop\새 폴더 (2)\project1\project1\play.cpp(78): warning C4244: '인수': 'float'에서 'int'(으)로 변환하면서 데이터가 손실될 수 있습니다.
c:\users\a07\desktop\새 폴더 (2)\project1\project1\play.cpp(85): warning C4244: '인수': 'float'에서 'int'(으)로 변환하면서 데이터가 손실될 수 있습니다.
c:\users\a07\desktop\새 폴더 (2)\project1\project1\play.cpp(98): warning C4244: '인수': 'float'에서 'int'(으)로 변환하면서 데이터가 손실될 수 있습니다.
c:\users\a07\desktop\새 폴더 (2)\project1\project1\play.cpp(108): warning C4244: '인수': 'float'에서 'int'(으)로 변환하면서 데이터가 손실될 수 있습니다.
c:\users\a07\desktop\새 폴더 (2)\project1\project1\play.cpp(68): warning C4996: 'kbhit': The POSIX name for this item is deprecated. Instead, use the ISO C and C++ conformant name: _kbhit. See online help for details.
  c:\program files (x86)\windows kits\10\include\10.0.17763.0\ucrt\conio.h(459): note: 'kbhit' 선언을 참조하십시오.
c:\users\a07\desktop\새 폴더 (2)\project1\project1\play.cpp(69): warning C4996: 'getch': The POSIX name for this item is deprecated. Instead, use the ISO C and C++ conformant name: _getch. See online help for details.
  c:\program files (x86)\windows kits\10\include\10.0.17763.0\ucrt\conio.h(453): note: 'getch' 선언을 참조하십시오.
c:\users\a07\desktop\새 폴더 (2)\project1\project1\play.cpp(117): warning C4244: '인수': 'float'에서 'int'(으)로 변환하면서 데이터가 손실될 수 있습니다.
  Project1.vcxproj -> C:\Users\A07\Desktop\새 폴더 (2)\Project1\Debug\Project1.exe
